-------------------------------------------------------------------------------
Test set: Find Transactions in Account Activity
-------------------------------------------------------------------------------
Tests run: 4, Failures: 1, Errors: 0, Skipped: 0, Time elapsed: 93.609 s <<< FAILURE! - in Find Transactions in Account Activity
Type(Find Transactions in Account Activity)  Time elapsed: 19.392 s  <<< FAILURE!
java.lang.AssertionError: expected:<3> but was:<0>

