-------------------------------------------------------------------------------
Test set: Login
-------------------------------------------------------------------------------
Tests run: 5, Failures: 1, Errors: 0, Skipped: 0, Time elapsed: 27.016 s <<< FAILURE! - in Login
user can login with valid credentials(Login)  Time elapsed: 6.997 s  <<< FAILURE!
java.lang.AssertionError

